2026-07-11 15:06:25,865 INFO o.a.j.u.JMeterUtils: Setting Locale to en_EN
2026-07-11 15:06:25,891 INFO o.a.j.JMeter: Loading user properties from: C:\Users\Raja\Downloads\apache-jmeter-5.6.3\apache-jmeter-5.6.3\bin\user.properties
2026-07-11 15:06:25,892 INFO o.a.j.JMeter: Loading system properties from: C:\Users\Raja\Downloads\apache-jmeter-5.6.3\apache-jmeter-5.6.3\bin\system.properties
2026-07-11 15:06:25,902 INFO o.a.j.JMeter: Copyright (c) 1998-2024 The Apache Software Foundation
2026-07-11 15:06:25,902 INFO o.a.j.JMeter: Version 5.6.3
2026-07-11 15:06:25,902 INFO o.a.j.JMeter: java.version=21.0.10
2026-07-11 15:06:25,902 INFO o.a.j.JMeter: java.vm.name=OpenJDK 64-Bit Server VM
2026-07-11 15:06:25,902 INFO o.a.j.JMeter: os.name=Windows 11
2026-07-11 15:06:25,922 INFO o.a.j.JMeter: os.arch=amd64
2026-07-11 15:06:25,922 INFO o.a.j.JMeter: os.version=10.0
2026-07-11 15:06:25,922 INFO o.a.j.JMeter: file.encoding=UTF-8
2026-07-11 15:06:25,922 INFO o.a.j.JMeter: java.awt.headless=true
2026-07-11 15:06:25,922 INFO o.a.j.JMeter: Max memory     =1073741824
2026-07-11 15:06:25,922 INFO o.a.j.JMeter: Available Processors =12
2026-07-11 15:06:25,934 INFO o.a.j.JMeter: Default Locale=English (EN)
2026-07-11 15:06:25,935 INFO o.a.j.JMeter: JMeter  Locale=English (EN)
2026-07-11 15:06:25,935 INFO o.a.j.JMeter: JMeterHome=C:\Users\Raja\Downloads\apache-jmeter-5.6.3\apache-jmeter-5.6.3
2026-07-11 15:06:25,936 INFO o.a.j.JMeter: user.dir  =C:\Users\Raja\exercise-profiling
2026-07-11 15:06:25,936 INFO o.a.j.JMeter: PWD       =C:\Users\Raja\exercise-profiling
2026-07-11 15:06:25,938 INFO o.a.j.JMeter: IP: 192.168.1.75 Name: LAPTOP-IT0HDFRA FullName: LAPTOP-IT0HDFRA
2026-07-11 15:06:25,954 ERROR o.a.j.JMeter: An error occurred: 
org.apache.jmeter.report.config.ConfigurationException: The file C:\Users\Raja\exercise-profiling\test_plan_1.jmx doesn't exist or can't be opened
	at org.apache.jmeter.JMeter.runNonGui(JMeter.java:950) ~[ApacheJMeter_core.jar:5.6.3]
	at org.apache.jmeter.JMeter.startNonGui(JMeter.java:940) ~[ApacheJMeter_core.jar:5.6.3]
	at org.apache.jmeter.JMeter.start(JMeter.java:508) [ApacheJMeter_core.jar:5.6.3]
	at java.base/jdk.internal.reflect.DirectMethodHandleAccessor.invoke(DirectMethodHandleAccessor.java:103) ~[?:?]
	at java.base/java.lang.reflect.Method.invoke(Method.java:580) ~[?:?]
	at org.apache.jmeter.NewDriver.main(NewDriver.java:259) [ApacheJMeter.jar:5.6.3]
